Arguments: 
  C:\Program Files\nodejs\node.exe C:\Users\cyk\AppData\Roaming\npm\node_modules\yarn\bin\yarn.js add inappwebview-provider

PATH: 
  C:\Program Files (x86)\Common Files\Oracle\Java\javapath;c:\python310\scripts\;c:\python310\;c:\windows\system32;c:\windows;c:\windows\system32\wbem;c:\windows\system32\windowspowershell\v1.0\;c:\windows\system32\openssh\;c:\program files\nvidia corporation\nvidia nvdlisr;c:\programdata\chocolatey\bin;g:\program files\git\cmd;C:\Program Files (x86)\NVIDIA Corporation\PhysX\Common;G:\flutter\bin;C:\Program Files\GitHub CLI\;C:\Users\cyk\.nvm;%NVM_HOME%;%NVM_SYMLINK%;G:\Ruby31-x64\bin;C:\Users\cyk\.cargo\bin;C:\Users\cyk\AppData\Local\Microsoft\WindowsApps;C:\Users\cyk\AppData\Roaming\npm;C:\Users\cyk\AppData\Local\Programs\Microsoft VS Code\bin;C:\tools\dart-sdk\bin;C:\Users\cyk\AppData\Roaming\Pub\Cache\bin;C:\Users\cyk\AppData\Roaming\nvm;C:\Program Files\nodejs

Yarn version: 
  1.22.19

Node version: 
  14.21.2

Platform: 
  win32 x64

Trace: 
  SyntaxError: N:\TempServer\test-dapp-injector\package.json: Unexpected end of JSON input
      at JSON.parse (<anonymous>)
      at C:\Users\cyk\AppData\Roaming\npm\node_modules\yarn\lib\cli.js:1629:59
      at Generator.next (<anonymous>)
      at step (C:\Users\cyk\AppData\Roaming\npm\node_modules\yarn\lib\cli.js:310:30)
      at C:\Users\cyk\AppData\Roaming\npm\node_modules\yarn\lib\cli.js:321:13

npm manifest: 
  

yarn manifest: 
  No manifest

Lockfile: 
  # THIS IS AN AUTOGENERATED FILE. DO NOT EDIT THIS FILE DIRECTLY.
  # yarn lockfile v1
